# JRE version: OpenJDK Runtime Environment (8.0_232-b09) (build 1.8.0_232-8u232-b09-1~deb9u1-b09)
# Java VM: OpenJDK 64-Bit Server VM (25.232-b09 mixed mode linux-amd64 compressed oops)
Heap:
 garbage-first heap   total 474112K, used 122835K [0x00000000c0000000, 0x00000000c0100e78, 0x0000000100000000)
  region size 1024K, 21 young (21504K), 21 survivors (21504K)
 Metaspace       used 53518K, capacity 56726K, committed 56908K, reserved 1099776K
  class space    used 5425K, capacity 6408K, committed 6476K, reserved 1048576K
GC Heap History (10 events):
Event: 1225,793 GC heap after
Heap after GC invocations=41 (full 0):
 garbage-first heap   total 164864K, used 102240K [0x00000000c0000000, 0x00000000c0100508, 0x0000000100000000)
  region size 1024K, 6 young (6144K), 6 survivors (6144K)
 Metaspace       used 53235K, capacity 56494K, committed 56652K, reserved 1099776K
  class space    used 5410K, capacity 6376K, committed 6476K, reserved 1048576K
}
Event: 1226,021 GC heap before
{Heap before GC invocations=42 (full 0):
 garbage-first heap   total 164864K, used 139104K [0x00000000c0000000, 0x00000000c0100508, 0x0000000100000000)
  region size 1024K, 42 young (43008K), 6 survivors (6144K)
 Metaspace       used 53241K, capacity 56494K, committed 56652K, reserved 1099776K
  class space    used 5410K, capacity 6376K, committed 6476K, reserved 1048576K
Event: 1226,080 GC heap after
Heap after GC invocations=43 (full 0):
 garbage-first heap   total 164864K, used 107360K [0x00000000c0000000, 0x00000000c0100508, 0x0000000100000000)
  region size 1024K, 6 young (6144K), 6 survivors (6144K)
 Metaspace       used 53241K, capacity 56494K, committed 56652K, reserved 1099776K
  class space    used 5410K, capacity 6376K, committed 6476K, reserved 1048576K
}
Event: 1226,088 GC heap before
{Heap before GC invocations=43 (full 0):
 garbage-first heap   total 164864K, used 109408K [0x00000000c0000000, 0x00000000c0100508, 0x0000000100000000)
  region size 1024K, 8 young (8192K), 6 survivors (6144K)
 Metaspace       used 53241K, capacity 56494K, committed 56652K, reserved 1099776K
  class space    used 5410K, capacity 6376K, committed 6476K, reserved 1048576K
Event: 1226,208 GC heap after
Heap after GC invocations=44 (full 0):
 garbage-first heap   total 164864K, used 99168K [0x00000000c0000000, 0x00000000c0100508, 0x0000000100000000)
  region size 1024K, 1 young (1024K), 1 survivors (1024K)
 Metaspace       used 53241K, capacity 56494K, committed 56652K, reserved 1099776K
  class space    used 5410K, capacity 6376K, committed 6476K, reserved 1048576K
}
Event: 1226,244 GC heap before
{Heap before GC invocations=44 (full 0):
 garbage-first heap   total 164864K, used 106336K [0x00000000c0000000, 0x00000000c0100508, 0x0000000100000000)
  region size 1024K, 8 young (8192K), 1 survivors (1024K)
 Metaspace       used 53241K, capacity 56494K, committed 56652K, reserved 1099776K
  class space    used 5410K, capacity 6376K, committed 6476K, reserved 1048576K
Event: 1226,299 GC heap after
Heap after GC invocations=45 (full 0):
 garbage-first heap   total 164864K, used 100192K [0x00000000c0000000, 0x00000000c0100508, 0x0000000100000000)
  region size 1024K, 1 young (1024K), 1 survivors (1024K)
 Metaspace       used 53241K, capacity 56494K, committed 56652K, reserved 1099776K
  class space    used 5410K, capacity 6376K, committed 6476K, reserved 1048576K
}
Event: 1226,407 GC heap before
{Heap before GC invocations=45 (full 0):
 garbage-first heap   total 164864K, used 121696K [0x00000000c0000000, 0x00000000c0100508, 0x0000000100000000)
  region size 1024K, 23 young (23552K), 1 survivors (1024K)
 Metaspace       used 53243K, capacity 56494K, committed 56652K, reserved 1099776K
  class space    used 5410K, capacity 6376K, committed 6476K, reserved 1048576K
Event: 1226,449 GC heap after
Heap after GC invocations=46 (full 0):
 garbage-first heap   total 329728K, used 102972K [0x00000000c0000000, 0x00000000c0100a10, 0x0000000100000000)
  region size 1024K, 4 young (4096K), 4 survivors (4096K)
 Metaspace       used 53243K, capacity 56494K, committed 56652K, reserved 1099776K
  class space    used 5410K, capacity 6376K, committed 6476K, reserved 1048576K
}
Event: 1230,441 GC heap before
{Heap before GC invocations=47 (full 0):
 garbage-first heap   total 329728K, used 268027K [0x00000000c0000000, 0x00000000c0100a10, 0x0000000100000000)
  region size 1024K, 164 young (167936K), 4 survivors (4096K)
 Metaspace       used 53518K, capacity 56726K, committed 56908K, reserved 1099776K
  class space    used 5425K, capacity 6408K, committed 6476K, reserved 1048576K

